<?xml version="1.0" encoding="UTF-8" ?>
<testsuite errors="0" failures="0" hostname="DESKTOP-7LHV0IA" name="MainTest" skipped="0" tests="5" time="0.065" timestamp="2021-02-17T17:40:10">
  <properties>
[...]
</properties>
  <testcase classname="MainTest" name="incompleteAddressTest" time="0.0" />
  <testcase classname="MainTest" name="caseInsensitivityTest" time="0.0" />
  <testcase classname="MainTest" name="fullAddressTest" time="0.0" />
  <testcase classname="MainTest" name="noCommaSeperatorTest" time="0.0" />
  <testcase classname="MainTest" name="differentOrder" time="0.0" />
  <system-out><![CDATA[
main : Incomplete Address Test
Input: 
Jalan Medan Rhu, 21080, Kuala Terengganu
Output: 
{
'street': 'Jalan Medan Rhu',
'city': 'Kuala Terengganu',
'postcode': '21080',
}

main : Case Insensitivity Test
Input: 
no 11, jalan medan rhu, chendering, 21080, kuala terengganu, terengganu
Output: 
{
'apt': 'no 11',
'street': 'jalan medan rhu',
'city': 'kuala terengganu',
'state': 'terengganu',
'postcode': '21080',
'section': 'chendering',
}

main : Full Address Test
Input: 
No 11,  Jalan Medan Rhu, Chendering, Kuala Terengganu, Terengganu.
Output: 
{
'apt': 'No 11',
'street': 'Jalan Medan Rhu',
'city': 'Kuala Terengganu',
'state': 'Terengganu',
'section': 'Chendering',
}

main : No Comma Seperator Test
Input: 
No 11 Jalan Medan Rhu Chendering 21080 Kuala Terengganu Terengganu
Output: 
{
'apt': 'No 11',
'street': 'Jalan Medan Rhu',
'city': 'Kuala Terengganu',
'state': 'Terengganu',
'postcode': '21080',
'section': 'Chendering',
}

main : Different Order Test
Input: 
Kuala Terengganu, 21080, Jalan Medan Rhu, No 11, Chendering
Output: 
{
'apt': 'No 11',
'street': 'Jalan Medan Rhu',
'city': 'Kuala Terengganu',
'postcode': '21080',
'section': 'Chendering',
}
]]></system-out>
  <system-err><![CDATA[]]></system-err>
</testsuite>
